# JRE version: OpenJDK Runtime Environment Temurin-21.0.11+10 (21.0.11+10) (build 21.0.11+10-LTS)
# Java VM: OpenJDK 64-Bit Server VM Temurin-21.0.11+10 (21.0.11+10-LTS, mixed mode, sharing, tiered, compressed oops, compressed class ptrs, parallel gc, windows-amd64)
GC Precious Log:
 CardTable entry size: 512
 CPUs: 12 total, 12 available
 Memory: 7518M
 Large Page Support: Disabled
 NUMA Support: Disabled
 Compressed Oops: Enabled (32-bit)
 Alignments: Space 512K, Generation 512K, Heap 2M
 Heap Min Capacity: 100M
 Heap Initial Capacity: 100M
 Heap Max Capacity: 2G
 Pre-touch: Disabled
 Parallel Workers: 10
Heap:
 PSYoungGen      total 15360K, used 14772K [0x00000000d5580000, 0x00000000d6780000, 0x0000000100000000)
  eden space 14336K, 96% used [0x00000000d5580000,0x00000000d62f2cf0,0x00000000d6380000)
  from space 1024K, 97% used [0x00000000d6380000,0x00000000d647a490,0x00000000d6480000)
  to   space 2048K, 0% used [0x00000000d6580000,0x00000000d6580000,0x00000000d6780000)
 ParOldGen       total 68608K, used 52407K [0x0000000080000000, 0x0000000084300000, 0x00000000d5580000)
  object space 68608K, 76% used [0x0000000080000000,0x000000008332dfb0,0x0000000084300000)
 Metaspace       used 61938K, committed 63424K, reserved 1114112K
  class space    used 7321K, committed 8000K, reserved 1048576K
GC Heap History (20 events):
Event: 22.048 GC heap before
{Heap before GC invocations=35 (full 2):
 PSYoungGen      total 15872K, used 15857K [0x00000000d5580000, 0x00000000d6a80000, 0x0000000100000000)
  eden space 14336K, 100% used [0x00000000d5580000,0x00000000d6380000,0x00000000d6380000)
  from space 1536K, 99% used [0x00000000d6900000,0x00000000d6a7c410,0x00000000d6a80000)
  to   space 3584K, 0% used [0x00000000d6380000,0x00000000d6380000,0x00000000d6700000)
 ParOldGen       total 68608K, used 46711K [0x0000000080000000, 0x0000000084300000, 0x00000000d5580000)
  object space 68608K, 68% used [0x0000000080000000,0x0000000082d9df00,0x0000000084300000)
 Metaspace       used 57402K, committed 58816K, reserved 1114112K
  class space    used 6803K, committed 7424K, reserved 1048576K
}
Event: 22.052 GC heap after
{Heap after GC invocations=35 (full 2):
 PSYoungGen      total 17920K, used 1728K [0x00000000d5580000, 0x00000000d6980000, 0x0000000100000000)
  eden space 14336K, 0% used [0x00000000d5580000,0x00000000d5580000,0x00000000d6380000)
  from space 3584K, 48% used [0x00000000d6380000,0x00000000d6530020,0x00000000d6700000)
  to   space 2560K, 0% used [0x00000000d6700000,0x00000000d6700000,0x00000000d6980000)
 ParOldGen       total 68608K, used 48160K [0x0000000080000000, 0x0000000084300000, 0x00000000d5580000)
  object space 68608K, 70% used [0x0000000080000000,0x0000000082f08300,0x0000000084300000)
 Metaspace       used 57402K, committed 58816K, reserved 1114112K
  class space    used 6803K, committed 7424K, reserved 1048576K
}
Event: 22.167 GC heap before
{Heap before GC invocations=36 (full 2):
 PSYoungGen      total 17920K, used 16064K [0x00000000d5580000, 0x00000000d6980000, 0x0000000100000000)
  eden space 14336K, 100% used [0x00000000d5580000,0x00000000d6380000,0x00000000d6380000)
  from space 3584K, 48% used [0x00000000d6380000,0x00000000d6530020,0x00000000d6700000)
  to   space 2560K, 0% used [0x00000000d6700000,0x00000000d6700000,0x00000000d6980000)
 ParOldGen       total 68608K, used 48160K [0x0000000080000000, 0x0000000084300000, 0x00000000d5580000)
  object space 68608K, 70% used [0x0000000080000000,0x0000000082f08300,0x0000000084300000)
 Metaspace       used 57416K, committed 58816K, reserved 1114112K
  class space    used 6803K, committed 7424K, reserved 1048576K
}
Event: 22.171 GC heap after
{Heap after GC invocations=36 (full 2):
 PSYoungGen      total 16384K, used 1858K [0x00000000d5580000, 0x00000000d6900000, 0x0000000100000000)
  eden space 14336K, 0% used [0x00000000d5580000,0x00000000d5580000,0x00000000d6380000)
  from space 2048K, 90% used [0x00000000d6700000,0x00000000d68d0800,0x00000000d6900000)
  to   space 2048K, 0% used [0x00000000d6500000,0x00000000d6500000,0x00000000d6700000)
 ParOldGen       total 68608K, used 49716K [0x0000000080000000, 0x0000000084300000, 0x00000000d5580000)
  object space 68608K, 72% used [0x0000000080000000,0x000000008308d008,0x0000000084300000)
 Metaspace       used 57416K, committed 58816K, reserved 1114112K
  class space    used 6803K, committed 7424K, reserved 1048576K
}
Event: 22.388 GC heap before
{Heap before GC invocations=37 (full 2):
 PSYoungGen      total 16384K, used 16194K [0x00000000d5580000, 0x00000000d6900000, 0x0000000100000000)
  eden space 14336K, 100% used [0x00000000d5580000,0x00000000d6380000,0x00000000d6380000)
  from space 2048K, 90% used [0x00000000d6700000,0x00000000d68d0800,0x00000000d6900000)
  to   space 2048K, 0% used [0x00000000d6500000,0x00000000d6500000,0x00000000d6700000)
 ParOldGen       total 68608K, used 49716K [0x0000000080000000, 0x0000000084300000, 0x00000000d5580000)
  object space 68608K, 72% used [0x0000000080000000,0x000000008308d008,0x0000000084300000)
 Metaspace       used 57424K, committed 58816K, reserved 1114112K
  class space    used 6803K, committed 7424K, reserved 1048576K
}
Event: 22.393 GC heap after
{Heap after GC invocations=37 (full 2):
 PSYoungGen      total 16384K, used 1668K [0x00000000d5580000, 0x00000000d6780000, 0x0000000100000000)
  eden space 14336K, 0% used [0x00000000d5580000,0x00000000d5580000,0x00000000d6380000)
  from space 2048K, 81% used [0x00000000d6500000,0x00000000d66a1000,0x00000000d6700000)
  to   space 512K, 0% used [0x00000000d6700000,0x00000000d6700000,0x00000000d6780000)
 ParOldGen       total 68608K, used 51322K [0x0000000080000000, 0x0000000084300000, 0x00000000d5580000)
  object space 68608K, 74% used [0x0000000080000000,0x000000008321e9b8,0x0000000084300000)
 Metaspace       used 57424K, committed 58816K, reserved 1114112K
  class space    used 6803K, committed 7424K, reserved 1048576K
}
Event: 22.531 GC heap before
{Heap before GC invocations=38 (full 2):
 PSYoungGen      total 16384K, used 16004K [0x00000000d5580000, 0x00000000d6780000, 0x0000000100000000)
  eden space 14336K, 100% used [0x00000000d5580000,0x00000000d6380000,0x00000000d6380000)
  from space 2048K, 81% used [0x00000000d6500000,0x00000000d66a1000,0x00000000d6700000)
  to   space 512K, 0% used [0x00000000d6700000,0x00000000d6700000,0x00000000d6780000)
 ParOldGen       total 68608K, used 51322K [0x0000000080000000, 0x0000000084300000, 0x00000000d5580000)
  object space 68608K, 74% used [0x0000000080000000,0x000000008321e9b8,0x0000000084300000)
 Metaspace       used 57433K, committed 58816K, reserved 1114112K
  class space    used 6803K, committed 7424K, reserved 1048576K
}
Event: 22.536 GC heap after
{Heap after GC invocations=38 (full 2):
 PSYoungGen      total 14848K, used 512K [0x00000000d5580000, 0x00000000d6a80000, 0x0000000100000000)
  eden space 14336K, 0% used [0x00000000d5580000,0x00000000d5580000,0x00000000d6380000)
  from space 512K, 100% used [0x00000000d6700000,0x00000000d6780000,0x00000000d6780000)
  to   space 3584K, 0% used [0x00000000d6380000,0x00000000d6380000,0x00000000d6700000)
 ParOldGen       total 68608K, used 53786K [0x0000000080000000, 0x0000000084300000, 0x00000000d5580000)
  object space 68608K, 78% used [0x0000000080000000,0x0000000083486ab8,0x0000000084300000)
 Metaspace       used 57433K, committed 58816K, reserved 1114112K
  class space    used 6803K, committed 7424K, reserved 1048576K
}
Event: 22.736 GC heap before
{Heap before GC invocations=39 (full 2):
 PSYoungGen      total 14848K, used 14848K [0x00000000d5580000, 0x00000000d6a80000, 0x0000000100000000)
  eden space 14336K, 100% used [0x00000000d5580000,0x00000000d6380000,0x00000000d6380000)
  from space 512K, 100% used [0x00000000d6700000,0x00000000d6780000,0x00000000d6780000)
  to   space 3584K, 0% used [0x00000000d6380000,0x00000000d6380000,0x00000000d6700000)
 ParOldGen       total 68608K, used 53786K [0x0000000080000000, 0x0000000084300000, 0x00000000d5580000)
  object space 68608K, 78% used [0x0000000080000000,0x0000000083486ab8,0x0000000084300000)
 Metaspace       used 57465K, committed 58816K, reserved 1114112K
  class space    used 6803K, committed 7424K, reserved 1048576K
}
Event: 22.741 GC heap after
{Heap after GC invocations=39 (full 2):
 PSYoungGen      total 16384K, used 1728K [0x00000000d5580000, 0x00000000d6880000, 0x0000000100000000)
  eden space 14336K, 0% used [0x00000000d5580000,0x00000000d5580000,0x00000000d6380000)
  from space 2048K, 84% used [0x00000000d6380000,0x00000000d6530010,0x00000000d6580000)
  to   space 2560K, 0% used [0x00000000d6600000,0x00000000d6600000,0x00000000d6880000)
 ParOldGen       total 68608K, used 54346K [0x0000000080000000, 0x0000000084300000, 0x00000000d5580000)
  object space 68608K, 79% used [0x0000000080000000,0x0000000083512ab8,0x0000000084300000)
 Metaspace       used 57465K, committed 58816K, reserved 1114112K
  class space    used 6803K, committed 7424K, reserved 1048576K
}
Event: 22.826 GC heap before
{Heap before GC invocations=40 (full 2):
 PSYoungGen      total 16384K, used 16064K [0x00000000d5580000, 0x00000000d6880000, 0x0000000100000000)
  eden space 14336K, 100% used [0x00000000d5580000,0x00000000d6380000,0x00000000d6380000)
  from space 2048K, 84% used [0x00000000d6380000,0x00000000d6530010,0x00000000d6580000)
  to   space 2560K, 0% used [0x00000000d6600000,0x00000000d6600000,0x00000000d6880000)
 ParOldGen       total 68608K, used 54346K [0x0000000080000000, 0x0000000084300000, 0x00000000d5580000)
  object space 68608K, 79% used [0x0000000080000000,0x0000000083512ab8,0x0000000084300000)
 Metaspace       used 57476K, committed 58880K, reserved 1114112K
  class space    used 6803K, committed 7424K, reserved 1048576K
}
Event: 22.831 GC heap after
{Heap after GC invocations=40 (full 2):
 PSYoungGen      total 16384K, used 1592K [0x00000000d5580000, 0x00000000d6800000, 0x0000000100000000)
  eden space 14336K, 0% used [0x00000000d5580000,0x00000000d5580000,0x00000000d6380000)
  from space 2048K, 77% used [0x00000000d6600000,0x00000000d678e200,0x00000000d6800000)
  to   space 2048K, 0% used [0x00000000d6380000,0x00000000d6380000,0x00000000d6580000)
 ParOldGen       total 68608K, used 55930K [0x0000000080000000, 0x0000000084300000, 0x00000000d5580000)
  object space 68608K, 81% used [0x0000000080000000,0x000000008369eac8,0x0000000084300000)
 Metaspace       used 57476K, committed 58880K, reserved 1114112K
  class space    used 6803K, committed 7424K, reserved 1048576K
}
Event: 23.122 GC heap before
{Heap before GC invocations=41 (full 2):
 PSYoungGen      total 16384K, used 12123K [0x00000000d5580000, 0x00000000d6800000, 0x0000000100000000)
  eden space 14336K, 73% used [0x00000000d5580000,0x00000000d5fc8b40,0x00000000d6380000)
  from space 2048K, 77% used [0x00000000d6600000,0x00000000d678e200,0x00000000d6800000)
  to   space 2048K, 0% used [0x00000000d6380000,0x00000000d6380000,0x00000000d6580000)
 ParOldGen       total 68608K, used 55930K [0x0000000080000000, 0x0000000084300000, 0x00000000d5580000)
  object space 68608K, 81% used [0x0000000080000000,0x000000008369eac8,0x0000000084300000)
 Metaspace       used 58344K, committed 59776K, reserved 1114112K
  class space    used 6917K, committed 7552K, reserved 1048576K
}
Event: 23.126 GC heap after
{Heap after GC invocations=41 (full 2):
 PSYoungGen      total 15360K, used 736K [0x00000000d5580000, 0x00000000d6680000, 0x0000000100000000)
  eden space 14336K, 0% used [0x00000000d5580000,0x00000000d5580000,0x00000000d6380000)
  from space 1024K, 71% used [0x00000000d6380000,0x00000000d6438000,0x00000000d6480000)
  to   space 1536K, 0% used [0x00000000d6500000,0x00000000d6500000,0x00000000d6680000)
 ParOldGen       total 68608K, used 57347K [0x0000000080000000, 0x0000000084300000, 0x00000000d5580000)
  object space 68608K, 83% used [0x0000000080000000,0x0000000083800cc8,0x0000000084300000)
 Metaspace       used 58344K, committed 59776K, reserved 1114112K
  class space    used 6917K, committed 7552K, reserved 1048576K
}
Event: 23.126 GC heap before
{Heap before GC invocations=42 (full 3):
 PSYoungGen      total 15360K, used 736K [0x00000000d5580000, 0x00000000d6680000, 0x0000000100000000)
  eden space 14336K, 0% used [0x00000000d5580000,0x00000000d5580000,0x00000000d6380000)
  from space 1024K, 71% used [0x00000000d6380000,0x00000000d6438000,0x00000000d6480000)
  to   space 1536K, 0% used [0x00000000d6500000,0x00000000d6500000,0x00000000d6680000)
 ParOldGen       total 68608K, used 57347K [0x0000000080000000, 0x0000000084300000, 0x00000000d5580000)
  object space 68608K, 83% used [0x0000000080000000,0x0000000083800cc8,0x0000000084300000)
 Metaspace       used 58344K, committed 59776K, reserved 1114112K
  class space    used 6917K, committed 7552K, reserved 1048576K
}
Event: 23.236 GC heap after
{Heap after GC invocations=42 (full 3):
 PSYoungGen      total 15360K, used 0K [0x00000000d5580000, 0x00000000d6680000, 0x0000000100000000)
  eden space 14336K, 0% used [0x00000000d5580000,0x00000000d5580000,0x00000000d6380000)
  from space 1024K, 0% used [0x00000000d6380000,0x00000000d6380000,0x00000000d6480000)
  to   space 1536K, 0% used [0x00000000d6500000,0x00000000d6500000,0x00000000d6680000)
 ParOldGen       total 68608K, used 51675K [0x0000000080000000, 0x0000000084300000, 0x00000000d5580000)
  object space 68608K, 75% used [0x0000000080000000,0x0000000083276f40,0x0000000084300000)
 Metaspace       used 58344K, committed 59776K, reserved 1114112K
  class space    used 6917K, committed 7552K, reserved 1048576K
}
Event: 25.631 GC heap before
{Heap before GC invocations=43 (full 3):
 PSYoungGen      total 15360K, used 14336K [0x00000000d5580000, 0x00000000d6680000, 0x0000000100000000)
  eden space 14336K, 100% used [0x00000000d5580000,0x00000000d6380000,0x00000000d6380000)
  from space 1024K, 0% used [0x00000000d6380000,0x00000000d6380000,0x00000000d6480000)
  to   space 1536K, 0% used [0x00000000d6500000,0x00000000d6500000,0x00000000d6680000)
 ParOldGen       total 68608K, used 51675K [0x0000000080000000, 0x0000000084300000, 0x00000000d5580000)
  object space 68608K, 75% used [0x0000000080000000,0x0000000083276f40,0x0000000084300000)
 Metaspace       used 59609K, committed 60992K, reserved 1114112K
  class space    used 7062K, committed 7680K, reserved 1048576K
}
Event: 25.634 GC heap after
{Heap after GC invocations=43 (full 3):
 PSYoungGen      total 15360K, used 864K [0x00000000d5580000, 0x00000000d6600000, 0x0000000100000000)
  eden space 14336K, 0% used [0x00000000d5580000,0x00000000d5580000,0x00000000d6380000)
  from space 1024K, 84% used [0x00000000d6500000,0x00000000d65d8020,0x00000000d6600000)
  to   space 1024K, 0% used [0x00000000d6380000,0x00000000d6380000,0x00000000d6480000)
 ParOldGen       total 68608K, used 51683K [0x0000000080000000, 0x0000000084300000, 0x00000000d5580000)
  object space 68608K, 75% used [0x0000000080000000,0x0000000083278f40,0x0000000084300000)
 Metaspace       used 59609K, committed 60992K, reserved 1114112K
  class space    used 7062K, committed 7680K, reserved 1048576K
}
Event: 55.145 GC heap before
{Heap before GC invocations=44 (full 3):
 PSYoungGen      total 15360K, used 15200K [0x00000000d5580000, 0x00000000d6600000, 0x0000000100000000)
  eden space 14336K, 100% used [0x00000000d5580000,0x00000000d6380000,0x00000000d6380000)
  from space 1024K, 84% used [0x00000000d6500000,0x00000000d65d8020,0x00000000d6600000)
  to   space 1024K, 0% used [0x00000000d6380000,0x00000000d6380000,0x00000000d6480000)
 ParOldGen       total 68608K, used 51683K [0x0000000080000000, 0x0000000084300000, 0x00000000d5580000)
  object space 68608K, 75% used [0x0000000080000000,0x0000000083278f40,0x0000000084300000)
 Metaspace       used 61041K, committed 62464K, reserved 1114112K
  class space    used 7229K, committed 7872K, reserved 1048576K
}
Event: 55.163 GC heap after
{Heap after GC invocations=44 (full 3):
 PSYoungGen      total 15360K, used 1001K [0x00000000d5580000, 0x00000000d6780000, 0x0000000100000000)
  eden space 14336K, 0% used [0x00000000d5580000,0x00000000d5580000,0x00000000d6380000)
  from space 1024K, 97% used [0x00000000d6380000,0x00000000d647a490,0x00000000d6480000)
  to   space 2048K, 0% used [0x00000000d6580000,0x00000000d6580000,0x00000000d6780000)
 ParOldGen       total 68608K, used 52407K [0x0000000080000000, 0x0000000084300000, 0x00000000d5580000)
  object space 68608K, 76% used [0x0000000080000000,0x000000008332dfb0,0x0000000084300000)
 Metaspace       used 61041K, committed 62464K, reserved 1114112K
  class space    used 7229K, committed 7872K, reserved 1048576K
}

