# JRE version: OpenJDK Runtime Environment Temurin-21.0.11+10 (21.0.11+10) (build 21.0.11+10-LTS)
# Java VM: OpenJDK 64-Bit Server VM Temurin-21.0.11+10 (21.0.11+10-LTS, mixed mode, sharing, tiered, compressed oops, compressed class ptrs, parallel gc, windows-amd64)
GC Precious Log:
 CardTable entry size: 512
 CPUs: 12 total, 12 available
 Memory: 7518M
 Large Page Support: Disabled
 NUMA Support: Disabled
 Compressed Oops: Enabled (32-bit)
 Alignments: Space 512K, Generation 512K, Heap 2M
 Heap Min Capacity: 100M
 Heap Initial Capacity: 100M
 Heap Max Capacity: 2G
 Pre-touch: Disabled
 Parallel Workers: 10
Heap:
 PSYoungGen      total 13824K, used 5626K [0x00000000d5580000, 0x00000000d6480000, 0x0000000100000000)
  eden space 13312K, 41% used [0x00000000d5580000,0x00000000d5ad6850,0x00000000d6280000)
  from space 512K, 31% used [0x00000000d6380000,0x00000000d63a8000,0x00000000d6400000)
  to   space 512K, 0% used [0x00000000d6400000,0x00000000d6400000,0x00000000d6480000)
 ParOldGen       total 68608K, used 54787K [0x0000000080000000, 0x0000000084300000, 0x00000000d5580000)
  object space 68608K, 79% used [0x0000000080000000,0x0000000083580f08,0x0000000084300000)
 Metaspace       used 62782K, committed 64256K, reserved 1114112K
  class space    used 7384K, committed 8064K, reserved 1048576K
GC Heap History (20 events):
Event: 29.769 GC heap before
{Heap before GC invocations=43 (full 3):
 PSYoungGen      total 14336K, used 704K [0x00000000d5580000, 0x00000000d6580000, 0x0000000100000000)
  eden space 13312K, 0% used [0x00000000d5580000,0x00000000d5580000,0x00000000d6280000)
  from space 1024K, 68% used [0x00000000d6480000,0x00000000d6530020,0x00000000d6580000)
  to   space 1024K, 0% used [0x00000000d6380000,0x00000000d6380000,0x00000000d6480000)
 ParOldGen       total 68608K, used 54318K [0x0000000080000000, 0x0000000084300000, 0x00000000d5580000)
  object space 68608K, 79% used [0x0000000080000000,0x000000008350b968,0x0000000084300000)
 Metaspace       used 58445K, committed 59776K, reserved 1114112K
  class space    used 6919K, committed 7488K, reserved 1048576K
}
Event: 29.871 GC heap after
{Heap after GC invocations=43 (full 3):
 PSYoungGen      total 14336K, used 0K [0x00000000d5580000, 0x00000000d6580000, 0x0000000100000000)
  eden space 13312K, 0% used [0x00000000d5580000,0x00000000d5580000,0x00000000d6280000)
  from space 1024K, 0% used [0x00000000d6480000,0x00000000d6480000,0x00000000d6580000)
  to   space 1024K, 0% used [0x00000000d6380000,0x00000000d6380000,0x00000000d6480000)
 ParOldGen       total 68608K, used 51689K [0x0000000080000000, 0x0000000084300000, 0x00000000d5580000)
  object space 68608K, 75% used [0x0000000080000000,0x000000008327a6b0,0x0000000084300000)
 Metaspace       used 58445K, committed 59776K, reserved 1114112K
  class space    used 6919K, committed 7488K, reserved 1048576K
}
Event: 32.314 GC heap before
{Heap before GC invocations=44 (full 3):
 PSYoungGen      total 14336K, used 13312K [0x00000000d5580000, 0x00000000d6580000, 0x0000000100000000)
  eden space 13312K, 100% used [0x00000000d5580000,0x00000000d6280000,0x00000000d6280000)
  from space 1024K, 0% used [0x00000000d6480000,0x00000000d6480000,0x00000000d6580000)
  to   space 1024K, 0% used [0x00000000d6380000,0x00000000d6380000,0x00000000d6480000)
 ParOldGen       total 68608K, used 51689K [0x0000000080000000, 0x0000000084300000, 0x00000000d5580000)
  object space 68608K, 75% used [0x0000000080000000,0x000000008327a6b0,0x0000000084300000)
 Metaspace       used 59699K, committed 61120K, reserved 1114112K
  class space    used 7065K, committed 7680K, reserved 1048576K
}
Event: 32.317 GC heap after
{Heap after GC invocations=44 (full 3):
 PSYoungGen      total 14336K, used 992K [0x00000000d5580000, 0x00000000d6580000, 0x0000000100000000)
  eden space 13312K, 0% used [0x00000000d5580000,0x00000000d5580000,0x00000000d6280000)
  from space 1024K, 96% used [0x00000000d6380000,0x00000000d6478030,0x00000000d6480000)
  to   space 1024K, 0% used [0x00000000d6480000,0x00000000d6480000,0x00000000d6580000)
 ParOldGen       total 68608K, used 51985K [0x0000000080000000, 0x0000000084300000, 0x00000000d5580000)
  object space 68608K, 75% used [0x0000000080000000,0x00000000832c46b0,0x0000000084300000)
 Metaspace       used 59699K, committed 61120K, reserved 1114112K
  class space    used 7065K, committed 7680K, reserved 1048576K
}
Event: 56.717 GC heap before
{Heap before GC invocations=45 (full 3):
 PSYoungGen      total 14336K, used 14304K [0x00000000d5580000, 0x00000000d6580000, 0x0000000100000000)
  eden space 13312K, 100% used [0x00000000d5580000,0x00000000d6280000,0x00000000d6280000)
  from space 1024K, 96% used [0x00000000d6380000,0x00000000d6478030,0x00000000d6480000)
  to   space 1024K, 0% used [0x00000000d6480000,0x00000000d6480000,0x00000000d6580000)
 ParOldGen       total 68608K, used 51985K [0x0000000080000000, 0x0000000084300000, 0x00000000d5580000)
  object space 68608K, 75% used [0x0000000080000000,0x00000000832c46b0,0x0000000084300000)
 Metaspace       used 61189K, committed 62656K, reserved 1114112K
  class space    used 7238K, committed 7872K, reserved 1048576K
}
Event: 56.721 GC heap after
{Heap after GC invocations=45 (full 3):
 PSYoungGen      total 14336K, used 1017K [0x00000000d5580000, 0x00000000d6680000, 0x0000000100000000)
  eden space 13312K, 0% used [0x00000000d5580000,0x00000000d5580000,0x00000000d6280000)
  from space 1024K, 99% used [0x00000000d6480000,0x00000000d657e490,0x00000000d6580000)
  to   space 2048K, 0% used [0x00000000d6280000,0x00000000d6280000,0x00000000d6480000)
 ParOldGen       total 68608K, used 52746K [0x0000000080000000, 0x0000000084300000, 0x00000000d5580000)
  object space 68608K, 76% used [0x0000000080000000,0x0000000083382898,0x0000000084300000)
 Metaspace       used 61189K, committed 62656K, reserved 1114112K
  class space    used 7238K, committed 7872K, reserved 1048576K
}
Event: 2058.750 GC heap before
{Heap before GC invocations=46 (full 3):
 PSYoungGen      total 14336K, used 14318K [0x00000000d5580000, 0x00000000d6680000, 0x0000000100000000)
  eden space 13312K, 99% used [0x00000000d5580000,0x00000000d627d458,0x00000000d6280000)
  from space 1024K, 99% used [0x00000000d6480000,0x00000000d657e490,0x00000000d6580000)
  to   space 2048K, 0% used [0x00000000d6280000,0x00000000d6280000,0x00000000d6480000)
 ParOldGen       total 68608K, used 52746K [0x0000000080000000, 0x0000000084300000, 0x00000000d5580000)
  object space 68608K, 76% used [0x0000000080000000,0x0000000083382898,0x0000000084300000)
 Metaspace       used 62057K, committed 63616K, reserved 1114112K
  class space    used 7332K, committed 8000K, reserved 1048576K
}
Event: 2058.788 GC heap after
{Heap after GC invocations=46 (full 3):
 PSYoungGen      total 14336K, used 928K [0x00000000d5580000, 0x00000000d6580000, 0x0000000100000000)
  eden space 13312K, 0% used [0x00000000d5580000,0x00000000d5580000,0x00000000d6280000)
  from space 1024K, 90% used [0x00000000d6280000,0x00000000d6368010,0x00000000d6380000)
  to   space 1536K, 0% used [0x00000000d6400000,0x00000000d6400000,0x00000000d6580000)
 ParOldGen       total 68608K, used 53731K [0x0000000080000000, 0x0000000084300000, 0x00000000d5580000)
  object space 68608K, 78% used [0x0000000080000000,0x0000000083478d48,0x0000000084300000)
 Metaspace       used 62057K, committed 63616K, reserved 1114112K
  class space    used 7332K, committed 8000K, reserved 1048576K
}
Event: 18876.797 GC heap before
{Heap before GC invocations=47 (full 3):
 PSYoungGen      total 14336K, used 14240K [0x00000000d5580000, 0x00000000d6580000, 0x0000000100000000)
  eden space 13312K, 100% used [0x00000000d5580000,0x00000000d6280000,0x00000000d6280000)
  from space 1024K, 90% used [0x00000000d6280000,0x00000000d6368010,0x00000000d6380000)
  to   space 1536K, 0% used [0x00000000d6400000,0x00000000d6400000,0x00000000d6580000)
 ParOldGen       total 68608K, used 53731K [0x0000000080000000, 0x0000000084300000, 0x00000000d5580000)
  object space 68608K, 78% used [0x0000000080000000,0x0000000083478d48,0x0000000084300000)
 Metaspace       used 62674K, committed 64192K, reserved 1114112K
  class space    used 7383K, committed 8064K, reserved 1048576K
}
Event: 18876.854 GC heap after
{Heap after GC invocations=47 (full 3):
 PSYoungGen      total 13824K, used 320K [0x00000000d5580000, 0x00000000d6480000, 0x0000000100000000)
  eden space 13312K, 0% used [0x00000000d5580000,0x00000000d5580000,0x00000000d6280000)
  from space 512K, 62% used [0x00000000d6400000,0x00000000d6450000,0x00000000d6480000)
  to   space 1024K, 0% used [0x00000000d6280000,0x00000000d6280000,0x00000000d6380000)
 ParOldGen       total 68608K, used 54451K [0x0000000080000000, 0x0000000084300000, 0x00000000d5580000)
  object space 68608K, 79% used [0x0000000080000000,0x000000008352cf08,0x0000000084300000)
 Metaspace       used 62674K, committed 64192K, reserved 1114112K
  class space    used 7383K, committed 8064K, reserved 1048576K
}
Event: 18880.950 GC heap before
{Heap before GC invocations=48 (full 3):
 PSYoungGen      total 13824K, used 13632K [0x00000000d5580000, 0x00000000d6480000, 0x0000000100000000)
  eden space 13312K, 100% used [0x00000000d5580000,0x00000000d6280000,0x00000000d6280000)
  from space 512K, 62% used [0x00000000d6400000,0x00000000d6450000,0x00000000d6480000)
  to   space 1024K, 0% used [0x00000000d6280000,0x00000000d6280000,0x00000000d6380000)
 ParOldGen       total 68608K, used 54451K [0x0000000080000000, 0x0000000084300000, 0x00000000d5580000)
  object space 68608K, 79% used [0x0000000080000000,0x000000008352cf08,0x0000000084300000)
 Metaspace       used 62720K, committed 64192K, reserved 1114112K
  class space    used 7384K, committed 8064K, reserved 1048576K
}
Event: 18880.953 GC heap after
{Heap after GC invocations=48 (full 3):
 PSYoungGen      total 14336K, used 256K [0x00000000d5580000, 0x00000000d6480000, 0x0000000100000000)
  eden space 13312K, 0% used [0x00000000d5580000,0x00000000d5580000,0x00000000d6280000)
  from space 1024K, 25% used [0x00000000d6280000,0x00000000d62c0000,0x00000000d6380000)
  to   space 512K, 0% used [0x00000000d6400000,0x00000000d6400000,0x00000000d6480000)
 ParOldGen       total 68608K, used 54571K [0x0000000080000000, 0x0000000084300000, 0x00000000d5580000)
  object space 68608K, 79% used [0x0000000080000000,0x000000008354af08,0x0000000084300000)
 Metaspace       used 62720K, committed 64192K, reserved 1114112K
  class space    used 7384K, committed 8064K, reserved 1048576K
}
Event: 18881.226 GC heap before
{Heap before GC invocations=49 (full 3):
 PSYoungGen      total 14336K, used 13568K [0x00000000d5580000, 0x00000000d6480000, 0x0000000100000000)
  eden space 13312K, 100% used [0x00000000d5580000,0x00000000d6280000,0x00000000d6280000)
  from space 1024K, 25% used [0x00000000d6280000,0x00000000d62c0000,0x00000000d6380000)
  to   space 512K, 0% used [0x00000000d6400000,0x00000000d6400000,0x00000000d6480000)
 ParOldGen       total 68608K, used 54571K [0x0000000080000000, 0x0000000084300000, 0x00000000d5580000)
  object space 68608K, 79% used [0x0000000080000000,0x000000008354af08,0x0000000084300000)
 Metaspace       used 62732K, committed 64256K, reserved 1114112K
  class space    used 7384K, committed 8064K, reserved 1048576K
}
Event: 18881.230 GC heap after
{Heap after GC invocations=49 (full 3):
 PSYoungGen      total 13824K, used 192K [0x00000000d5580000, 0x00000000d6480000, 0x0000000100000000)
  eden space 13312K, 0% used [0x00000000d5580000,0x00000000d5580000,0x00000000d6280000)
  from space 512K, 37% used [0x00000000d6400000,0x00000000d6430000,0x00000000d6480000)
  to   space 512K, 0% used [0x00000000d6380000,0x00000000d6380000,0x00000000d6400000)
 ParOldGen       total 68608K, used 54651K [0x0000000080000000, 0x0000000084300000, 0x00000000d5580000)
  object space 68608K, 79% used [0x0000000080000000,0x000000008355ef08,0x0000000084300000)
 Metaspace       used 62732K, committed 64256K, reserved 1114112K
  class space    used 7384K, committed 8064K, reserved 1048576K
}
Event: 18881.453 GC heap before
{Heap before GC invocations=50 (full 3):
 PSYoungGen      total 13824K, used 13504K [0x00000000d5580000, 0x00000000d6480000, 0x0000000100000000)
  eden space 13312K, 100% used [0x00000000d5580000,0x00000000d6280000,0x00000000d6280000)
  from space 512K, 37% used [0x00000000d6400000,0x00000000d6430000,0x00000000d6480000)
  to   space 512K, 0% used [0x00000000d6380000,0x00000000d6380000,0x00000000d6400000)
 ParOldGen       total 68608K, used 54651K [0x0000000080000000, 0x0000000084300000, 0x00000000d5580000)
  object space 68608K, 79% used [0x0000000080000000,0x000000008355ef08,0x0000000084300000)
 Metaspace       used 62737K, committed 64256K, reserved 1114112K
  class space    used 7384K, committed 8064K, reserved 1048576K
}
Event: 18881.455 GC heap after
{Heap after GC invocations=50 (full 3):
 PSYoungGen      total 13824K, used 320K [0x00000000d5580000, 0x00000000d6480000, 0x0000000100000000)
  eden space 13312K, 0% used [0x00000000d5580000,0x00000000d5580000,0x00000000d6280000)
  from space 512K, 62% used [0x00000000d6380000,0x00000000d63d0000,0x00000000d6400000)
  to   space 512K, 0% used [0x00000000d6400000,0x00000000d6400000,0x00000000d6480000)
 ParOldGen       total 68608K, used 54659K [0x0000000080000000, 0x0000000084300000, 0x00000000d5580000)
  object space 68608K, 79% used [0x0000000080000000,0x0000000083560f08,0x0000000084300000)
 Metaspace       used 62737K, committed 64256K, reserved 1114112K
  class space    used 7384K, committed 8064K, reserved 1048576K
}
Event: 18881.636 GC heap before
{Heap before GC invocations=51 (full 3):
 PSYoungGen      total 13824K, used 13632K [0x00000000d5580000, 0x00000000d6480000, 0x0000000100000000)
  eden space 13312K, 100% used [0x00000000d5580000,0x00000000d6280000,0x00000000d6280000)
  from space 512K, 62% used [0x00000000d6380000,0x00000000d63d0000,0x00000000d6400000)
  to   space 512K, 0% used [0x00000000d6400000,0x00000000d6400000,0x00000000d6480000)
 ParOldGen       total 68608K, used 54659K [0x0000000080000000, 0x0000000084300000, 0x00000000d5580000)
  object space 68608K, 79% used [0x0000000080000000,0x0000000083560f08,0x0000000084300000)
 Metaspace       used 62757K, committed 64256K, reserved 1114112K
  class space    used 7384K, committed 8064K, reserved 1048576K
}
Event: 18881.637 GC heap after
{Heap after GC invocations=51 (full 3):
 PSYoungGen      total 13824K, used 256K [0x00000000d5580000, 0x00000000d6480000, 0x0000000100000000)
  eden space 13312K, 0% used [0x00000000d5580000,0x00000000d5580000,0x00000000d6280000)
  from space 512K, 50% used [0x00000000d6400000,0x00000000d6440000,0x00000000d6480000)
  to   space 512K, 0% used [0x00000000d6380000,0x00000000d6380000,0x00000000d6400000)
 ParOldGen       total 68608K, used 54723K [0x0000000080000000, 0x0000000084300000, 0x00000000d5580000)
  object space 68608K, 79% used [0x0000000080000000,0x0000000083570f08,0x0000000084300000)
 Metaspace       used 62757K, committed 64256K, reserved 1114112K
  class space    used 7384K, committed 8064K, reserved 1048576K
}
Event: 18881.827 GC heap before
{Heap before GC invocations=52 (full 3):
 PSYoungGen      total 13824K, used 13568K [0x00000000d5580000, 0x00000000d6480000, 0x0000000100000000)
  eden space 13312K, 100% used [0x00000000d5580000,0x00000000d6280000,0x00000000d6280000)
  from space 512K, 50% used [0x00000000d6400000,0x00000000d6440000,0x00000000d6480000)
  to   space 512K, 0% used [0x00000000d6380000,0x00000000d6380000,0x00000000d6400000)
 ParOldGen       total 68608K, used 54723K [0x0000000080000000, 0x0000000084300000, 0x00000000d5580000)
  object space 68608K, 79% used [0x0000000080000000,0x0000000083570f08,0x0000000084300000)
 Metaspace       used 62782K, committed 64256K, reserved 1114112K
  class space    used 7384K, committed 8064K, reserved 1048576K
}
Event: 18881.829 GC heap after
{Heap after GC invocations=52 (full 3):
 PSYoungGen      total 13824K, used 160K [0x00000000d5580000, 0x00000000d6480000, 0x0000000100000000)
  eden space 13312K, 0% used [0x00000000d5580000,0x00000000d5580000,0x00000000d6280000)
  from space 512K, 31% used [0x00000000d6380000,0x00000000d63a8000,0x00000000d6400000)
  to   space 512K, 0% used [0x00000000d6400000,0x00000000d6400000,0x00000000d6480000)
 ParOldGen       total 68608K, used 54787K [0x0000000080000000, 0x0000000084300000, 0x00000000d5580000)
  object space 68608K, 79% used [0x0000000080000000,0x0000000083580f08,0x0000000084300000)
 Metaspace       used 62782K, committed 64256K, reserved 1114112K
  class space    used 7384K, committed 8064K, reserved 1048576K
}

