# JRE version: OpenJDK Runtime Environment Temurin-21.0.11+10 (21.0.11+10) (build 21.0.11+10-LTS)
# Java VM: OpenJDK 64-Bit Server VM Temurin-21.0.11+10 (21.0.11+10-LTS, mixed mode, sharing, tiered, compressed oops, compressed class ptrs, parallel gc, windows-amd64)
GC Precious Log:
 CardTable entry size: 512
 CPUs: 12 total, 12 available
 Memory: 7518M
 Large Page Support: Disabled
 NUMA Support: Disabled
 Compressed Oops: Enabled (32-bit)
 Alignments: Space 512K, Generation 512K, Heap 2M
 Heap Min Capacity: 100M
 Heap Initial Capacity: 100M
 Heap Max Capacity: 2G
 Pre-touch: Disabled
 Parallel Workers: 10
Heap:
 PSYoungGen      total 12288K, used 4444K [0x00000000d5580000, 0x00000000d6400000, 0x0000000100000000)
  eden space 11264K, 33% used [0x00000000d5580000,0x00000000d59373e0,0x00000000d6080000)
  from space 1024K, 62% used [0x00000000d6300000,0x00000000d63a0000,0x00000000d6400000)
  to   space 1024K, 0% used [0x00000000d6200000,0x00000000d6200000,0x00000000d6300000)
 ParOldGen       total 68608K, used 57066K [0x0000000080000000, 0x0000000084300000, 0x00000000d5580000)
  object space 68608K, 83% used [0x0000000080000000,0x00000000837ba898,0x0000000084300000)
 Metaspace       used 62723K, committed 64192K, reserved 1114112K
  class space    used 7381K, committed 8000K, reserved 1048576K
GC Heap History (20 events):
Event: 17.476 GC heap before
{Heap before GC invocations=38 (full 2):
 PSYoungGen      total 15872K, used 12116K [0x00000000d5580000, 0x00000000d6780000, 0x0000000100000000)
  eden space 11264K, 100% used [0x00000000d5580000,0x00000000d6080000,0x00000000d6080000)
  from space 4608K, 18% used [0x00000000d6080000,0x00000000d61551f8,0x00000000d6500000)
  to   space 2048K, 0% used [0x00000000d6580000,0x00000000d6580000,0x00000000d6780000)
 ParOldGen       total 68608K, used 52792K [0x0000000080000000, 0x0000000084300000, 0x00000000d5580000)
  object space 68608K, 76% used [0x0000000080000000,0x000000008338e028,0x0000000084300000)
 Metaspace       used 54294K, committed 55616K, reserved 1114112K
  class space    used 6233K, committed 6848K, reserved 1048576K
}
Event: 17.478 GC heap after
{Heap after GC invocations=38 (full 2):
 PSYoungGen      total 12288K, used 720K [0x00000000d5580000, 0x00000000d6680000, 0x0000000100000000)
  eden space 11264K, 0% used [0x00000000d5580000,0x00000000d5580000,0x00000000d6080000)
  from space 1024K, 70% used [0x00000000d6580000,0x00000000d6634020,0x00000000d6680000)
  to   space 1024K, 0% used [0x00000000d6480000,0x00000000d6480000,0x00000000d6580000)
 ParOldGen       total 68608K, used 53472K [0x0000000080000000, 0x0000000084300000, 0x00000000d5580000)
  object space 68608K, 77% used [0x0000000080000000,0x00000000834382a8,0x0000000084300000)
 Metaspace       used 54294K, committed 55616K, reserved 1114112K
  class space    used 6233K, committed 6848K, reserved 1048576K
}
Event: 17.746 GC heap before
{Heap before GC invocations=39 (full 2):
 PSYoungGen      total 12288K, used 11984K [0x00000000d5580000, 0x00000000d6680000, 0x0000000100000000)
  eden space 11264K, 100% used [0x00000000d5580000,0x00000000d6080000,0x00000000d6080000)
  from space 1024K, 70% used [0x00000000d6580000,0x00000000d6634020,0x00000000d6680000)
  to   space 1024K, 0% used [0x00000000d6480000,0x00000000d6480000,0x00000000d6580000)
 ParOldGen       total 68608K, used 53472K [0x0000000080000000, 0x0000000084300000, 0x00000000d5580000)
  object space 68608K, 77% used [0x0000000080000000,0x00000000834382a8,0x0000000084300000)
 Metaspace       used 55617K, committed 57088K, reserved 1114112K
  class space    used 6442K, committed 7104K, reserved 1048576K
}
Event: 17.748 GC heap after
{Heap after GC invocations=39 (full 2):
 PSYoungGen      total 12288K, used 544K [0x00000000d5580000, 0x00000000d6600000, 0x0000000100000000)
  eden space 11264K, 0% used [0x00000000d5580000,0x00000000d5580000,0x00000000d6080000)
  from space 1024K, 53% used [0x00000000d6480000,0x00000000d6508000,0x00000000d6580000)
  to   space 512K, 0% used [0x00000000d6580000,0x00000000d6580000,0x00000000d6600000)
 ParOldGen       total 68608K, used 54120K [0x0000000080000000, 0x0000000084300000, 0x00000000d5580000)
  object space 68608K, 78% used [0x0000000080000000,0x00000000834da2d8,0x0000000084300000)
 Metaspace       used 55617K, committed 57088K, reserved 1114112K
  class space    used 6442K, committed 7104K, reserved 1048576K
}
Event: 18.471 GC heap before
{Heap before GC invocations=40 (full 2):
 PSYoungGen      total 12288K, used 11808K [0x00000000d5580000, 0x00000000d6600000, 0x0000000100000000)
  eden space 11264K, 100% used [0x00000000d5580000,0x00000000d6080000,0x00000000d6080000)
  from space 1024K, 53% used [0x00000000d6480000,0x00000000d6508000,0x00000000d6580000)
  to   space 512K, 0% used [0x00000000d6580000,0x00000000d6580000,0x00000000d6600000)
 ParOldGen       total 68608K, used 54120K [0x0000000080000000, 0x0000000084300000, 0x00000000d5580000)
  object space 68608K, 78% used [0x0000000080000000,0x00000000834da2d8,0x0000000084300000)
 Metaspace       used 56851K, committed 58240K, reserved 1114112K
  class space    used 6659K, committed 7296K, reserved 1048576K
}
Event: 18.472 GC heap after
{Heap after GC invocations=40 (full 2):
 PSYoungGen      total 11776K, used 416K [0x00000000d5580000, 0x00000000d6600000, 0x0000000100000000)
  eden space 11264K, 0% used [0x00000000d5580000,0x00000000d5580000,0x00000000d6080000)
  from space 512K, 81% used [0x00000000d6580000,0x00000000d65e8000,0x00000000d6600000)
  to   space 512K, 0% used [0x00000000d6500000,0x00000000d6500000,0x00000000d6580000)
 ParOldGen       total 68608K, used 54472K [0x0000000080000000, 0x0000000084300000, 0x00000000d5580000)
  object space 68608K, 79% used [0x0000000080000000,0x00000000835322d8,0x0000000084300000)
 Metaspace       used 56851K, committed 58240K, reserved 1114112K
  class space    used 6659K, committed 7296K, reserved 1048576K
}
Event: 18.883 GC heap before
{Heap before GC invocations=41 (full 2):
 PSYoungGen      total 11776K, used 11680K [0x00000000d5580000, 0x00000000d6600000, 0x0000000100000000)
  eden space 11264K, 100% used [0x00000000d5580000,0x00000000d6080000,0x00000000d6080000)
  from space 512K, 81% used [0x00000000d6580000,0x00000000d65e8000,0x00000000d6600000)
  to   space 512K, 0% used [0x00000000d6500000,0x00000000d6500000,0x00000000d6580000)
 ParOldGen       total 68608K, used 54472K [0x0000000080000000, 0x0000000084300000, 0x00000000d5580000)
  object space 68608K, 79% used [0x0000000080000000,0x00000000835322d8,0x0000000084300000)
 Metaspace       used 57739K, committed 59136K, reserved 1114112K
  class space    used 6797K, committed 7424K, reserved 1048576K
}
Event: 18.884 GC heap after
{Heap after GC invocations=41 (full 2):
 PSYoungGen      total 11776K, used 505K [0x00000000d5580000, 0x00000000d6600000, 0x0000000100000000)
  eden space 11264K, 0% used [0x00000000d5580000,0x00000000d5580000,0x00000000d6080000)
  from space 512K, 98% used [0x00000000d6500000,0x00000000d657e468,0x00000000d6580000)
  to   space 512K, 0% used [0x00000000d6580000,0x00000000d6580000,0x00000000d6600000)
 ParOldGen       total 68608K, used 54815K [0x0000000080000000, 0x0000000084300000, 0x00000000d5580000)
  object space 68608K, 79% used [0x0000000080000000,0x0000000083587fe8,0x0000000084300000)
 Metaspace       used 57739K, committed 59136K, reserved 1114112K
  class space    used 6797K, committed 7424K, reserved 1048576K
}
Event: 19.227 GC heap before
{Heap before GC invocations=42 (full 2):
 PSYoungGen      total 11776K, used 7334K [0x00000000d5580000, 0x00000000d6600000, 0x0000000100000000)
  eden space 11264K, 60% used [0x00000000d5580000,0x00000000d5c2b678,0x00000000d6080000)
  from space 512K, 98% used [0x00000000d6500000,0x00000000d657e468,0x00000000d6580000)
  to   space 512K, 0% used [0x00000000d6580000,0x00000000d6580000,0x00000000d6600000)
 ParOldGen       total 68608K, used 54815K [0x0000000080000000, 0x0000000084300000, 0x00000000d5580000)
  object space 68608K, 79% used [0x0000000080000000,0x0000000083587fe8,0x0000000084300000)
 Metaspace       used 58432K, committed 59776K, reserved 1114112K
  class space    used 6872K, committed 7488K, reserved 1048576K
}
Event: 19.229 GC heap after
{Heap after GC invocations=42 (full 2):
 PSYoungGen      total 11776K, used 505K [0x00000000d5580000, 0x00000000d6600000, 0x0000000100000000)
  eden space 11264K, 0% used [0x00000000d5580000,0x00000000d5580000,0x00000000d6080000)
  from space 512K, 98% used [0x00000000d6580000,0x00000000d65fe680,0x00000000d6600000)
  to   space 2560K, 0% used [0x00000000d6100000,0x00000000d6100000,0x00000000d6380000)
 ParOldGen       total 68608K, used 56224K [0x0000000080000000, 0x0000000084300000, 0x00000000d5580000)
  object space 68608K, 81% used [0x0000000080000000,0x00000000836e8160,0x0000000084300000)
 Metaspace       used 58432K, committed 59776K, reserved 1114112K
  class space    used 6872K, committed 7488K, reserved 1048576K
}
Event: 19.229 GC heap before
{Heap before GC invocations=43 (full 3):
 PSYoungGen      total 11776K, used 505K [0x00000000d5580000, 0x00000000d6600000, 0x0000000100000000)
  eden space 11264K, 0% used [0x00000000d5580000,0x00000000d5580000,0x00000000d6080000)
  from space 512K, 98% used [0x00000000d6580000,0x00000000d65fe680,0x00000000d6600000)
  to   space 2560K, 0% used [0x00000000d6100000,0x00000000d6100000,0x00000000d6380000)
 ParOldGen       total 68608K, used 56224K [0x0000000080000000, 0x0000000084300000, 0x00000000d5580000)
  object space 68608K, 81% used [0x0000000080000000,0x00000000836e8160,0x0000000084300000)
 Metaspace       used 58432K, committed 59776K, reserved 1114112K
  class space    used 6872K, committed 7488K, reserved 1048576K
}
Event: 19.331 GC heap after
{Heap after GC invocations=43 (full 3):
 PSYoungGen      total 11776K, used 0K [0x00000000d5580000, 0x00000000d6600000, 0x0000000100000000)
  eden space 11264K, 0% used [0x00000000d5580000,0x00000000d5580000,0x00000000d6080000)
  from space 512K, 0% used [0x00000000d6580000,0x00000000d6580000,0x00000000d6600000)
  to   space 2560K, 0% used [0x00000000d6100000,0x00000000d6100000,0x00000000d6380000)
 ParOldGen       total 68608K, used 52980K [0x0000000080000000, 0x0000000084300000, 0x00000000d5580000)
  object space 68608K, 77% used [0x0000000080000000,0x00000000833bd240,0x0000000084300000)
 Metaspace       used 58432K, committed 59776K, reserved 1114112K
  class space    used 6872K, committed 7488K, reserved 1048576K
}
Event: 20.525 GC heap before
{Heap before GC invocations=44 (full 3):
 PSYoungGen      total 11776K, used 11264K [0x00000000d5580000, 0x00000000d6600000, 0x0000000100000000)
  eden space 11264K, 100% used [0x00000000d5580000,0x00000000d6080000,0x00000000d6080000)
  from space 512K, 0% used [0x00000000d6580000,0x00000000d6580000,0x00000000d6600000)
  to   space 2560K, 0% used [0x00000000d6100000,0x00000000d6100000,0x00000000d6380000)
 ParOldGen       total 68608K, used 52980K [0x0000000080000000, 0x0000000084300000, 0x00000000d5580000)
  object space 68608K, 77% used [0x0000000080000000,0x00000000833bd240,0x0000000084300000)
 Metaspace       used 59570K, committed 61056K, reserved 1114112K
  class space    used 7013K, committed 7680K, reserved 1048576K
}
Event: 20.528 GC heap after
{Heap after GC invocations=44 (full 3):
 PSYoungGen      total 13824K, used 2528K [0x00000000d5580000, 0x00000000d6680000, 0x0000000100000000)
  eden space 11264K, 0% used [0x00000000d5580000,0x00000000d5580000,0x00000000d6080000)
  from space 2560K, 98% used [0x00000000d6100000,0x00000000d6378040,0x00000000d6380000)
  to   space 3072K, 0% used [0x00000000d6380000,0x00000000d6380000,0x00000000d6680000)
 ParOldGen       total 68608K, used 53140K [0x0000000080000000, 0x0000000084300000, 0x00000000d5580000)
  object space 68608K, 77% used [0x0000000080000000,0x00000000833e5240,0x0000000084300000)
 Metaspace       used 59570K, committed 61056K, reserved 1114112K
  class space    used 7013K, committed 7680K, reserved 1048576K
}
Event: 24.457 GC heap before
{Heap before GC invocations=45 (full 3):
 PSYoungGen      total 13824K, used 13792K [0x00000000d5580000, 0x00000000d6680000, 0x0000000100000000)
  eden space 11264K, 100% used [0x00000000d5580000,0x00000000d6080000,0x00000000d6080000)
  from space 2560K, 98% used [0x00000000d6100000,0x00000000d6378040,0x00000000d6380000)
  to   space 3072K, 0% used [0x00000000d6380000,0x00000000d6380000,0x00000000d6680000)
 ParOldGen       total 68608K, used 53140K [0x0000000080000000, 0x0000000084300000, 0x00000000d5580000)
  object space 68608K, 77% used [0x0000000080000000,0x00000000833e5240,0x0000000084300000)
 Metaspace       used 60714K, committed 62144K, reserved 1114112K
  class space    used 7153K, committed 7808K, reserved 1048576K
}
Event: 24.459 GC heap after
{Heap after GC invocations=45 (full 3):
 PSYoungGen      total 12288K, used 704K [0x00000000d5580000, 0x00000000d6480000, 0x0000000100000000)
  eden space 11264K, 0% used [0x00000000d5580000,0x00000000d5580000,0x00000000d6080000)
  from space 1024K, 68% used [0x00000000d6380000,0x00000000d6430000,0x00000000d6480000)
  to   space 1536K, 0% used [0x00000000d6180000,0x00000000d6180000,0x00000000d6300000)
 ParOldGen       total 68608K, used 55676K [0x0000000080000000, 0x0000000084300000, 0x00000000d5580000)
  object space 68608K, 81% used [0x0000000080000000,0x000000008365f2a0,0x0000000084300000)
 Metaspace       used 60714K, committed 62144K, reserved 1114112K
  class space    used 7153K, committed 7808K, reserved 1048576K
}
Event: 80.386 GC heap before
{Heap before GC invocations=46 (full 3):
 PSYoungGen      total 12288K, used 11957K [0x00000000d5580000, 0x00000000d6480000, 0x0000000100000000)
  eden space 11264K, 99% used [0x00000000d5580000,0x00000000d607d7f0,0x00000000d6080000)
  from space 1024K, 68% used [0x00000000d6380000,0x00000000d6430000,0x00000000d6480000)
  to   space 1536K, 0% used [0x00000000d6180000,0x00000000d6180000,0x00000000d6300000)
 ParOldGen       total 68608K, used 55676K [0x0000000080000000, 0x0000000084300000, 0x00000000d5580000)
  object space 68608K, 81% used [0x0000000080000000,0x000000008365f2a0,0x0000000084300000)
 Metaspace       used 61536K, committed 62976K, reserved 1114112K
  class space    used 7241K, committed 7872K, reserved 1048576K
}
Event: 80.432 GC heap after
{Heap after GC invocations=46 (full 3):
 PSYoungGen      total 12800K, used 1136K [0x00000000d5580000, 0x00000000d6400000, 0x0000000100000000)
  eden space 11264K, 0% used [0x00000000d5580000,0x00000000d5580000,0x00000000d6080000)
  from space 1536K, 73% used [0x00000000d6180000,0x00000000d629c020,0x00000000d6300000)
  to   space 1024K, 0% used [0x00000000d6300000,0x00000000d6300000,0x00000000d6400000)
 ParOldGen       total 68608K, used 56270K [0x0000000080000000, 0x0000000084300000, 0x00000000d5580000)
  object space 68608K, 82% used [0x0000000080000000,0x00000000836f3878,0x0000000084300000)
 Metaspace       used 61536K, committed 62976K, reserved 1114112K
  class space    used 7241K, committed 7872K, reserved 1048576K
}
Event: 1097.639 GC heap before
{Heap before GC invocations=47 (full 3):
 PSYoungGen      total 12800K, used 12400K [0x00000000d5580000, 0x00000000d6400000, 0x0000000100000000)
  eden space 11264K, 100% used [0x00000000d5580000,0x00000000d6080000,0x00000000d6080000)
  from space 1536K, 73% used [0x00000000d6180000,0x00000000d629c020,0x00000000d6300000)
  to   space 1024K, 0% used [0x00000000d6300000,0x00000000d6300000,0x00000000d6400000)
 ParOldGen       total 68608K, used 56270K [0x0000000080000000, 0x0000000084300000, 0x00000000d5580000)
  object space 68608K, 82% used [0x0000000080000000,0x00000000836f3878,0x0000000084300000)
 Metaspace       used 62328K, committed 63808K, reserved 1114112K
  class space    used 7327K, committed 8000K, reserved 1048576K
}
Event: 1097.737 GC heap after
{Heap after GC invocations=47 (full 3):
 PSYoungGen      total 12288K, used 640K [0x00000000d5580000, 0x00000000d6400000, 0x0000000100000000)
  eden space 11264K, 0% used [0x00000000d5580000,0x00000000d5580000,0x00000000d6080000)
  from space 1024K, 62% used [0x00000000d6300000,0x00000000d63a0000,0x00000000d6400000)
  to   space 1024K, 0% used [0x00000000d6200000,0x00000000d6200000,0x00000000d6300000)
 ParOldGen       total 68608K, used 57066K [0x0000000080000000, 0x0000000084300000, 0x00000000d5580000)
  object space 68608K, 83% used [0x0000000080000000,0x00000000837ba898,0x0000000084300000)
 Metaspace       used 62328K, committed 63808K, reserved 1114112K
  class space    used 7327K, committed 8000K, reserved 1048576K
}

