# JRE version: OpenJDK Runtime Environment Temurin-21.0.11+10 (21.0.11+10) (build 21.0.11+10-LTS)
# Java VM: OpenJDK 64-Bit Server VM Temurin-21.0.11+10 (21.0.11+10-LTS, mixed mode, sharing, tiered, compressed oops, compressed class ptrs, g1 gc, windows-amd64)
GC Precious Log:
 CardTable entry size: 512
 Card Set container configuration: InlinePtr #cards 5 size 8 Array Of Cards #cards 12 size 40 Howl #buckets 4 coarsen threshold 1843 Howl Bitmap #cards 512 size 80 coarsen threshold 460 Card regions per heap region 1 cards per card region 2048
 CPUs: 12 total, 12 available
 Memory: 7518M
 Large Page Support: Disabled
 NUMA Support: Disabled
 Compressed Oops: Enabled (32-bit)
 Heap Region Size: 1M
 Heap Min Capacity: 8M
 Heap Initial Capacity: 118M
 Heap Max Capacity: 1536M
 Pre-touch: Disabled
 Parallel Workers: 10
 Concurrent Workers: 3
 Concurrent Refinement Workers: 10
 Periodic GC: Disabled
Heap:
 garbage-first heap   total 122880K, used 84400K [0x00000000a0000000, 0x0000000100000000)
  region size 1024K, 28 young (28672K), 5 survivors (5120K)
 Metaspace       used 54912K, committed 56640K, reserved 1114112K
  class space    used 7824K, committed 8704K, reserved 1048576K
GC Heap History (20 events):
Event: 12.822 GC heap before
{Heap before GC invocations=6 (full 0):
 garbage-first heap   total 86016K, used 85343K [0x00000000a0000000, 0x0000000100000000)
  region size 1024K, 62 young (63488K), 3 survivors (3072K)
 Metaspace       used 28463K, committed 29696K, reserved 1114112K
  class space    used 4349K, committed 4928K, reserved 1048576K
}
Event: 12.828 GC heap after
{Heap after GC invocations=7 (full 0):
 garbage-first heap   total 92160K, used 27955K [0x00000000a0000000, 0x0000000100000000)
  region size 1024K, 6 young (6144K), 6 survivors (6144K)
 Metaspace       used 28463K, committed 29696K, reserved 1114112K
  class space    used 4349K, committed 4928K, reserved 1048576K
}
Event: 14.051 GC heap before
{Heap before GC invocations=7 (full 0):
 garbage-first heap   total 92160K, used 59699K [0x00000000a0000000, 0x0000000100000000)
  region size 1024K, 38 young (38912K), 6 survivors (6144K)
 Metaspace       used 34858K, committed 36096K, reserved 1114112K
  class space    used 5193K, committed 5760K, reserved 1048576K
}
Event: 14.058 GC heap after
{Heap after GC invocations=8 (full 0):
 garbage-first heap   total 92160K, used 31531K [0x00000000a0000000, 0x0000000100000000)
  region size 1024K, 7 young (7168K), 7 survivors (7168K)
 Metaspace       used 34858K, committed 36096K, reserved 1114112K
  class space    used 5193K, committed 5760K, reserved 1048576K
}
Event: 14.097 GC heap before
{Heap before GC invocations=8 (full 0):
 garbage-first heap   total 92160K, used 32555K [0x00000000a0000000, 0x0000000100000000)
  region size 1024K, 10 young (10240K), 7 survivors (7168K)
 Metaspace       used 35177K, committed 36416K, reserved 1114112K
  class space    used 5221K, committed 5824K, reserved 1048576K
}
Event: 14.108 GC heap after
{Heap after GC invocations=9 (full 0):
 garbage-first heap   total 92160K, used 32364K [0x00000000a0000000, 0x0000000100000000)
  region size 1024K, 5 young (5120K), 5 survivors (5120K)
 Metaspace       used 35177K, committed 36416K, reserved 1114112K
  class space    used 5221K, committed 5824K, reserved 1048576K
}
Event: 15.288 GC heap before
{Heap before GC invocations=10 (full 0):
 garbage-first heap   total 92160K, used 84588K [0x00000000a0000000, 0x0000000100000000)
  region size 1024K, 51 young (52224K), 5 survivors (5120K)
 Metaspace       used 38753K, committed 40128K, reserved 1114112K
  class space    used 5620K, committed 6272K, reserved 1048576K
}
Event: 15.298 GC heap after
{Heap after GC invocations=11 (full 0):
 garbage-first heap   total 94208K, used 36516K [0x00000000a0000000, 0x0000000100000000)
  region size 1024K, 5 young (5120K), 5 survivors (5120K)
 Metaspace       used 38753K, committed 40128K, reserved 1114112K
  class space    used 5620K, committed 6272K, reserved 1048576K
}
Event: 16.907 GC heap before
{Heap before GC invocations=11 (full 0):
 garbage-first heap   total 94208K, used 82596K [0x00000000a0000000, 0x0000000100000000)
  region size 1024K, 49 young (50176K), 5 survivors (5120K)
 Metaspace       used 43505K, committed 44928K, reserved 1114112K
  class space    used 6262K, committed 6976K, reserved 1048576K
}
Event: 16.914 GC heap after
{Heap after GC invocations=12 (full 0):
 garbage-first heap   total 94208K, used 39071K [0x00000000a0000000, 0x0000000100000000)
  region size 1024K, 4 young (4096K), 4 survivors (4096K)
 Metaspace       used 43505K, committed 44928K, reserved 1114112K
  class space    used 6262K, committed 6976K, reserved 1048576K
}
Event: 19.727 GC heap before
{Heap before GC invocations=12 (full 0):
 garbage-first heap   total 94208K, used 82079K [0x00000000a0000000, 0x0000000100000000)
  region size 1024K, 46 young (47104K), 4 survivors (4096K)
 Metaspace       used 48676K, committed 50240K, reserved 1114112K
  class space    used 7032K, committed 7808K, reserved 1048576K
}
Event: 19.732 GC heap after
{Heap after GC invocations=13 (full 0):
 garbage-first heap   total 94208K, used 41711K [0x00000000a0000000, 0x0000000100000000)
  region size 1024K, 3 young (3072K), 3 survivors (3072K)
 Metaspace       used 48676K, committed 50240K, reserved 1114112K
  class space    used 7032K, committed 7808K, reserved 1048576K
}
Event: 21.501 GC heap before
{Heap before GC invocations=13 (full 0):
 garbage-first heap   total 94208K, used 81647K [0x00000000a0000000, 0x0000000100000000)
  region size 1024K, 43 young (44032K), 3 survivors (3072K)
 Metaspace       used 50571K, committed 52224K, reserved 1114112K
  class space    used 7288K, committed 8128K, reserved 1048576K
}
Event: 21.509 GC heap after
{Heap after GC invocations=14 (full 0):
 garbage-first heap   total 94208K, used 46028K [0x00000000a0000000, 0x0000000100000000)
  region size 1024K, 6 young (6144K), 6 survivors (6144K)
 Metaspace       used 50571K, committed 52224K, reserved 1114112K
  class space    used 7288K, committed 8128K, reserved 1048576K
}
Event: 22.014 GC heap before
{Heap before GC invocations=14 (full 0):
 garbage-first heap   total 94208K, used 82892K [0x00000000a0000000, 0x0000000100000000)
  region size 1024K, 43 young (44032K), 6 survivors (6144K)
 Metaspace       used 50925K, committed 52608K, reserved 1114112K
  class space    used 7303K, committed 8128K, reserved 1048576K
}
Event: 22.022 GC heap after
{Heap after GC invocations=15 (full 0):
 garbage-first heap   total 94208K, used 47912K [0x00000000a0000000, 0x0000000100000000)
  region size 1024K, 2 young (2048K), 2 survivors (2048K)
 Metaspace       used 50925K, committed 52608K, reserved 1114112K
  class space    used 7303K, committed 8128K, reserved 1048576K
}
Event: 22.590 GC heap before
{Heap before GC invocations=15 (full 0):
 garbage-first heap   total 94208K, used 82728K [0x00000000a0000000, 0x0000000100000000)
  region size 1024K, 37 young (37888K), 2 survivors (2048K)
 Metaspace       used 51159K, committed 52800K, reserved 1114112K
  class space    used 7325K, committed 8128K, reserved 1048576K
}
Event: 22.597 GC heap after
{Heap after GC invocations=16 (full 0):
 garbage-first heap   total 94208K, used 49265K [0x00000000a0000000, 0x0000000100000000)
  region size 1024K, 3 young (3072K), 3 survivors (3072K)
 Metaspace       used 51159K, committed 52800K, reserved 1114112K
  class space    used 7325K, committed 8128K, reserved 1048576K
}
Event: 24.128 GC heap before
{Heap before GC invocations=17 (full 0):
 garbage-first heap   total 94208K, used 90225K [0x00000000a0000000, 0x0000000100000000)
  region size 1024K, 38 young (38912K), 3 survivors (3072K)
 Metaspace       used 52829K, committed 54592K, reserved 1114112K
  class space    used 7573K, committed 8448K, reserved 1048576K
}
Event: 24.137 GC heap after
{Heap after GC invocations=18 (full 0):
 garbage-first heap   total 122880K, used 61872K [0x00000000a0000000, 0x0000000100000000)
  region size 1024K, 5 young (5120K), 5 survivors (5120K)
 Metaspace       used 52829K, committed 54592K, reserved 1114112K
  class space    used 7573K, committed 8448K, reserved 1048576K
}

